"THRESHOLDS", "10 ", "1.0 M"
"HEADER1", "10-19-17 09:32 AM", "WAV-SDI","TransBoard"
"HEADER2", ""
"HEADER3", "World Class Audio Visual Elements, LLC.", "Operator Name: 102"
"1","PASS","","10-19-2017 09:33:31","QA030113"
"2","PASS","","10-19-2017 09:34:19","QA030125"
"3","PASS","","10-19-2017 09:34:42","QA030124"
"4","PASS","","10-19-2017 09:35:04","QA030116"
"5","PASS","","10-19-2017 09:35:21","QA030118"
"6","PASS","","10-19-2017 09:36:03","QA030123"
"7","PASS","","10-19-2017 09:36:35","QA030117"
"8","PASS","","10-19-2017 09:37:12","QA030115"
"9","PASS","","10-19-2017 09:37:52","QA030121"
"10","PASS","","10-19-2017 09:38:19","QA030120"
"11","PASS","","10-19-2017 09:38:44","QA030119"
"12","PASS","","10-19-2017 09:39:01","QA030114"
"SUMMARY", "12", "0", "330"
"THRESHOLDS", "10 ", "1.0 M"
"HEADER1", "10-19-17 09:43 AM", "WAV-SDI","TransBoard"
"HEADER2", ""
"HEADER3", "World Class Audio Visual Elements, LLC.", "Operator Name: 102"
"13","PASS","","10-19-2017 10:15:50","QA250259"
"14","PASS","","10-19-2017 10:16:20","QA250256"
"15","PASS","","10-19-2017 10:33:36","QA100536"
"16","PASS","","10-19-2017 10:35:08","QA250255"
"SUMMARY", "4", "0", "1158"
"THRESHOLDS", "10 ", "1.0 M"
"HEADER1", "10-19-17 10:36 AM", "WAV-SDI","TransBoard"
"HEADER2", ""
"HEADER3", "World Class Audio Visual Elements, LLC.", "Operator Name: 102"
"17","PASS","","10-19-2017 10:37:16","QA030122"
"SUMMARY", "1", "0", "0"
"THRESHOLDS", "10 ", "1.0 M"
"HEADER1", "10-19-17 10:44 AM", "DIGIMIC XLR 3","XLR3Male","XLR3Female"
"HEADER2", ""
"HEADER3", "World Class Audio Visual Elements, LLC.", "Operator Name: 102"
"THRESHOLDS", "10 ", "1.0 M"
"HEADER1", "10-19-17 10:45 AM", "DIGIMIC XLR 3","XLR3Male","XLR3Female"
"HEADER2", ""
"HEADER3", "World Class Audio Visual Elements, LLC.", "Operator Name: 102"
"THRESHOLDS", "10 ", "1.0 M"
"HEADER1", "10-19-17 10:48 AM", "DIGIMIC XLR 3","TransBoard"
"HEADER2", ""
"HEADER3", "World Class Audio Visual Elements, LLC.", "Operator Name: 102"
"18","PASS","","10-19-2017 10:48:51","QA750021"
"19","PASS","","10-19-2017 10:49:49","QA750018"
"20","PASS","","10-19-2017 10:51:53","QA750005"
"21","PASS","","10-19-2017 10:52:20","QA750004"
"22","PASS","","10-19-2017 10:53:23","QA750015"
"23","PASS","","10-19-2017 10:53:54","QA750008"
"24","PASS","","10-19-2017 10:54:22","QA750011"
"25","PASS","","10-19-2017 10:55:10","QA750002"
"26","PASS","","10-19-2017 10:55:34","QA750009"
"27","PASS","","10-19-2017 10:56:06","QA500092"
"28","PASS","","10-19-2017 10:56:34","QA750014"
"29","PASS","","10-19-2017 10:56:59","QA750012"
"30","PASS","","10-19-2017 10:57:28","QA750013"
"31","PASS","","10-19-2017 11:05:14","QA750010"
"32","PASS","","10-19-2017 11:08:41","QA750019"
"33","PASS","","10-19-2017 11:09:07","QA750016"
"34","PASS","","10-19-2017 11:09:35","QA750007"
"35","PASS","","10-19-2017 11:10:16","QA750020"
"36","PASS","","10-19-2017 11:10:48","QA750003"
"37","PASS","","10-19-2017 11:11:15","QA750006"
"38","PASS","","10-19-2017 11:11:56","QA750001"
"39","PASS","","10-19-2017 11:13:01","QA750017"
"SUMMARY", "22", "0", "1450"
"THRESHOLDS", "10 ", "1.0 M"
"HEADER1", "10-19-17 11:32 AM", "DMX XLR 5","XLR3Male","XLR3Female"
"HEADER2", ""
"HEADER3", "World Class Audio Visual Elements, LLC.", "Operator Name: 102"
"THRESHOLDS", "10 ", "1.0 M"
"HEADER1", "10-19-17 11:33 AM", "DMX XLR 5","TransBoard"
"HEADER2", ""
"HEADER3", "World Class Audio Visual Elements, LLC.", "Operator Name: 102"
"40","PASS","","10-19-2017 11:33:39","QA100529"
"CLOSE", "1", "0", "0"
"THRESHOLDS", "10 ", "1.0 M"
"HEADER1", "10-19-17 11:35 AM", "DMX XLR 5","TransBoard"
"HEADER2", ""
"HEADER3", "World Class Audio Visual Elements, LLC.", "Operator Name: 102"
"41","PASS","","10-19-2017 11:35:10","QA100343"
"42","PASS","","10-19-2017 11:36:02","QA100336"
"43","PASS","","10-19-2017 11:36:50","QA100319"
"44","PASS","","10-19-2017 11:37:32","QA100499"
"45","PASS","","10-19-2017 11:38:33","QA100527"
"46","PASS","","10-19-2017 11:39:04","QA100239"
"47","PASS","","10-19-2017 11:39:55","QA100528"
"48","PASS","","10-19-2017 11:47:48","QA100461"
"49","PASS","","10-19-2017 11:48:18","QA100467"
"50","PASS","","10-19-2017 11:48:44","QA100474"
"51","PASS","","10-19-2017 11:50:40","QA100350"
"52","PASS","","10-19-2017 11:52:08","QA100040"
"53","PASS","","10-19-2017 11:52:48","QA100039"
"54","PASS","","10-19-2017 11:53:27","QA100068"
"55","PASS","","10-19-2017 11:54:00","QA100307"
"56","PASS","","10-19-2017 11:54:26","QA100335"
"57","PASS","","10-19-2017 11:55:03","QA100268"
"58","PASS","","10-19-2017 11:55:33","QA100371"
"59","PASS","","10-19-2017 11:56:17","QA100055"
"60","PASS","","10-19-2017 11:58:30","QA100275"
"CLOSE", "20", "0", "1400"
"THRESHOLDS", "10 ", "1.0 M"
"HEADER1", "10-19-17 11:59 AM", "DMX XLR 5","TransBoard"
"HEADER2", ""
"HEADER3", "World Class Audio Visual Elements, LLC.", "Operator Name: 102"
"61","PASS","","10-19-2017 12:00:33","QA100115"
"62","PASS","","10-19-2017 13:37:45","QA100473"
"63","PASS","","10-19-2017 13:38:22","QA100075"
"64","PASS","","10-19-2017 13:38:55","QA100062"
"65","PASS","","10-19-2017 13:39:38","QA100054"
"66","PASS","","10-19-2017 13:40:17","QA100285"
"67","PASS","","10-19-2017 13:41:02","QA100274"
"68","PASS","","10-19-2017 13:41:39","QA100016"
"69","PASS","","10-19-2017 13:42:28","QA100015"
"70","PASS","","10-19-2017 13:43:07","QA100081"
"71","PASS","","10-19-2017 13:43:59","QA100080"
"72","PASS","","10-19-2017 13:44:38","QA100035"
"73","PASS","","10-19-2017 13:45:30","QA100064"
"74","PASS","","10-19-2017 13:46:10","QA100045"
"75","PASS","","10-19-2017 13:46:49","QA100041"
"76","PASS","","10-19-2017 13:47:18","QA100276"
"77","PASS","","10-19-2017 13:47:57","QA100176"
"78","PASS","","10-19-2017 13:48:31","QA100105"
"79","PASS","","10-19-2017 13:48:57","QA100352"
"80","PASS","","10-19-2017 13:49:40","QA100351"
"81","PASS","","10-19-2017 13:50:07","QA100329"
"82","PASS","","10-19-2017 13:50:43","QA100200"
"83","PASS","","10-19-2017 13:51:27","QA100214"
"84","PASS","","10-19-2017 13:52:11","QA100227"
"85","PASS","","10-19-2017 13:52:41","QA100357"
"86","PASS","","10-19-2017 13:54:20","QA100328"
"87","PASS","","10-19-2017 14:01:44","QA100328"
"88","PASS","","10-19-2017 14:02:51","QA100205"
"89","PASS","","10-19-2017 14:03:35","QA100201"
"90","PASS","","10-19-2017 14:04:40","QA100225"
"91","PASS","","10-19-2017 14:05:13","QA100304"
"92","PASS","","10-19-2017 14:06:53","QA100338"
"93","PASS","","10-19-2017 14:07:27","QA100363"
"94","PASS","","10-19-2017 14:08:22","QA100359"
"95","PASS","","10-19-2017 14:09:16","QA100218"
"96","PASS","","10-19-2017 14:10:10","QA100217"
"97","PASS","","10-19-2017 14:10:44","QA100221"
"98","PASS","","10-19-2017 14:11:44","QA100245"
"99","PASS","","10-19-2017 14:13:26","QA100303"
"100","PASS","","10-19-2017 14:14:01","QA100179"
"101","PASS","","10-19-2017 14:14:58","QA100246"
"102","PASS","","10-19-2017 14:17:29","QA100240"
"103","PASS","","10-19-2017 14:17:54","QA100238"
"104","PASS","","10-19-2017 14:18:51","QA100241"
"105","PASS","","10-19-2017 14:19:24","QA100212"
"106","PASS","","10-19-2017 14:20:03","QA100209"
"107","PASS","","10-19-2017 14:20:52","QA100210"
"108","PASS","","10-19-2017 14:21:27","QA100226"
"109","PASS","","10-19-2017 14:22:12","QA100242"
"110","PASS","","10-19-2017 14:24:05","QA100244"
"111","PASS","","10-19-2017 14:24:45","QA100366"
"SUMMARY", "51", "0", "8652"
"THRESHOLDS", "10 ", "1.0 M"
"HEADER1", "10-19-17 02:28 PM", "DMX XLR 5","TransBoard"
"HEADER2", ""
"HEADER3", "World Class Audio Visual Elements, LLC.", "Operator Name: 102"
"112","PASS","","10-19-2017 14:28:33","QC102"
"113","PASS","","10-19-2017 14:29:02","QA100257"
"114","PASS","","10-19-2017 14:36:16","QA100365"
"115","PASS","","10-19-2017 14:37:07","QA100208"
"116","PASS","","10-19-2017 14:37:41","QA100364"
"117","PASS","","10-19-2017 14:38:25","QA100187"
"118","PASS","","10-19-2017 14:38:55","QA100326"
"119","PASS","","10-19-2017 14:39:31","QA100182"
"120","PASS","","10-19-2017 14:40:01","QA100301"
"121","PASS","","10-19-2017 14:40:50","QA100302"
"122","PASS","","10-19-2017 14:41:33","QA100248"
"123","PASS","","10-19-2017 14:43:13","QA100178"
"124","PASS","","10-19-2017 14:43:44","QA100256"
"125","PASS","","10-19-2017 14:44:20","QA100183"
"126","PASS","","10-19-2017 14:44:55","QA100224"
"127","PASS","","10-19-2017 14:45:44","QA100345"
"128","PASS","","10-19-2017 14:47:55","QA100177"
"129","PASS","","10-19-2017 14:48:42","QA100243"
"130","PASS","","10-19-2017 14:49:29","QA100186"
"131","PASS","","10-19-2017 14:50:07","QA100250"
"132","PASS","","10-19-2017 14:51:03","QC102"
"133","PASS","","10-19-2017 14:51:28","QA100185"
"134","PASS","","10-19-2017 14:52:12","QA100184"
"135","PASS","","10-19-2017 14:52:38","QA100184"
"136","PASS","","10-19-2017 14:53:16","QA100247"
"137","PASS","","10-19-2017 14:54:54","QC102"
"138","PASS","","10-19-2017 14:55:09","QA100340"
"139","PASS","","10-19-2017 15:01:35","QA100220"
"140","PASS","","10-19-2017 15:02:13","QA100213"
"141","PASS","","10-19-2017 15:02:54","QA100204"
"142","PASS","","10-19-2017 15:03:37","QA100532"
"143","PASS","","10-19-2017 15:04:18","QA100202"
"144","PASS","","10-19-2017 15:04:57","QA100203"
"145","PASS","","10-19-2017 15:05:50","QA100535"
"146","PASS","","10-19-2017 15:06:32","QA100525"
"147","PASS","","10-19-2017 15:07:09","QA100361"
"148","PASS","","10-19-2017 15:07:40","QA100534"
"149","PASS","","10-19-2017 15:08:43","QA100523"
"150","PASS","","10-19-2017 15:09:21","QA100522"
"151","PASS","","10-19-2017 15:09:43","QA100518"
"152","PASS","","10-19-2017 15:10:06","QA100517"
"153","PASS","","10-19-2017 15:10:29","QA100524"
"154","PASS","","10-19-2017 15:11:01","QA100526"
"155","PASS","","10-19-2017 15:11:32","QA100211"
"156","PASS","","10-19-2017 15:12:15","QA100346"
"157","PASS","","10-19-2017 15:13:00","QA100300"
"158","PASS","","10-19-2017 15:13:40","QA100519"
"159","PASS","","10-19-2017 15:14:38","QA100299"
"160","PASS","","10-19-2017 15:15:28","QA100198"
"161","PASS","","10-19-2017 15:16:00","QA100219"
"162","PASS","","10-19-2017 15:16:29","QA100206"
"163","PASS","","10-19-2017 15:17:25","QA100222"
"164","PASS","","10-19-2017 15:18:09","QA100533"
"165","PASS","","10-19-2017 15:19:07","QA100199"
"166","PASS","","10-19-2017 15:19:48","QA100047"
"167","PASS","","10-19-2017 15:20:40","QA100009"
"168","PASS","","10-19-2017 15:21:46","QA100043"
"169","PASS","","10-19-2017 15:22:19","QA100023"
"170","PASS","","10-19-2017 15:22:57","QA100368"
"171","PASS","","10-19-2017 15:23:40","QA100056"
"172","PASS","","10-19-2017 15:24:24","QA100026"
"173","PASS","","10-19-2017 15:25:04","QA100283"
"174","PASS","","10-19-2017 15:25:44","QA100083"
"175","PASS","","10-19-2017 15:26:15","QA100315"
"176","PASS","","10-19-2017 15:27:01","QA100084"
"177","PASS","","10-19-2017 15:27:48","QA100085"
"178","PASS","","10-19-2017 15:28:41","QA100088"
"179","PASS","","10-19-2017 15:29:31","QA100087"
"180","PASS","","10-19-2017 15:30:06","QA100017"
"181","PASS","","10-19-2017 15:30:53","QA100033"
"182","PASS","","10-19-2017 15:32:02","QA100465"
"183","PASS","","10-19-2017 15:34:42","QA100348"
"184","PASS","","10-19-2017 15:35:45","QA100020"
"185","PASS","","10-19-2017 15:36:45","QA100086"
"186","PASS","","10-19-2017 15:37:29","QA100042"
"187","PASS","","10-19-2017 15:38:00","QA100050"
"188","PASS","","10-19-2017 15:38:35","QA100360"
"189","PASS","","10-19-2017 15:39:11","QA100284"
"190","PASS","","10-19-2017 15:39:53","QA100463"
"191","PASS","","10-19-2017 15:40:37","QA100355"
"192","PASS","","10-19-2017 15:41:41","QA100057"
"193","PASS","","10-19-2017 15:42:17","QA100269"
"194","PASS","","10-19-2017 15:43:04","QA100310"
"195","PASS","","10-19-2017 15:43:39","QA100278"
"SUMMARY", "84", "0", "4506"
"THRESHOLDS", "10 ", "1.0 M"
"HEADER1", "10-20-17 08:31 AM", "DMX XLR 5","TransBoard"
"HEADER2", ""
"HEADER3", "World Class Audio Visual Elements, LLC.", "Operator Name: 102"
"196","PASS","","10-20-2017 08:32:36","QA100470"
"197","PASS","","10-20-2017 08:33:10","QA100281"
"198","PASS","","10-20-2017 08:33:50","QA100008"
"199","PASS","","10-20-2017 08:34:35","QA100005"
"200","PASS","","10-20-2017 08:35:52","QA100332"
"201","PASS","","10-20-2017 08:36:33","QA100121"
"202","PASS","","10-20-2017 08:37:13","QA100317"
"203","PASS","","10-20-2017 08:37:57","QA100314"
"204","PASS","","10-20-2017 08:39:16","QA100318"
"205","PASS","","10-20-2017 08:40:08","QA100077"
"206","PASS","","10-20-2017 08:43:11","QA100058"
"207","PASS","","10-20-2017 08:44:29","QA100312"
"208","PASS","","10-20-2017 08:45:59","QA100061"
"209","PASS","","10-20-2017 08:47:26","QA100060"
"210","PASS","","10-20-2017 08:48:00","QA100078"
"211","PASS","","10-20-2017 08:48:52","QA100069"
"212","PASS","","10-20-2017 08:50:16","QA100305"
"213","PASS","","10-20-2017 08:51:36","QA100466"
"214","PASS","","10-20-2017 08:53:03","QA100349"
"215","PASS","","10-20-2017 08:55:50","QA100089"
"216","PASS","","10-20-2017 08:56:34","QA100089"
"217","PASS","","10-20-2017 08:57:17","QA100468"
"218","PASS","","10-20-2017 08:57:51","QA100066"
"219","PASS","","10-20-2017 08:59:47","QA100311"
"220","PASS","","10-20-2017 09:01:52","QA100323"
"221","PASS","","10-20-2017 09:04:41","QA100118"
"222","PASS","","10-20-2017 09:05:44","QA100071"
"223","PASS","","10-20-2017 09:06:52","QA100471"
"224","PASS","","10-20-2017 09:08:06","QA100309"
"225","PASS","","10-20-2017 09:08:46","QA100354"
"226","PASS","","10-20-2017 09:09:20","QA100464"
"227","PASS","","10-20-2017 09:09:54","QA100073"
"228","PASS","","10-20-2017 09:46:52","QA250021"
"229","PASS","","10-20-2017 09:51:27","QA250110"
"230","PASS","","10-20-2017 09:52:12","QA250084"
"231","PASS","","10-20-2017 09:52:57","QA250026"
"232","PASS","","10-20-2017 09:53:43","QA250010"
"233","PASS","","10-20-2017 09:54:19","QA250027"
"234","PASS","","10-20-2017 09:57:42","QA250016"
"235","PASS","","10-20-2017 09:59:50","QA250052"
"236","PASS","","10-20-2017 10:01:24","QA250055"
"237","PASS","","10-20-2017 10:06:41","QA250059"
"238","PASS","","10-20-2017 10:07:15","QA250047"
"239","PASS","","10-20-2017 10:09:17","QA250019"
"240","PASS","","10-20-2017 10:11:15","QA250078"
"241","PASS","","10-20-2017 10:23:23","QA250058"
"242","PASS","","10-20-2017 10:25:27","QA250012"
"243","PASS","","10-20-2017 10:27:39","QA250072"
"244","PASS","","10-20-2017 10:28:57","QA250079"
"245","PASS","","10-20-2017 10:30:12","QA250053"
"246","PASS","","10-20-2017 10:31:07","QA250065"
"247","PASS","","10-20-2017 10:31:42","QA250057"
"248","PASS","","10-20-2017 10:49:03","QA250094"
"249","PASS","","10-20-2017 10:51:14","QA250070"
"250","PASS","","10-20-2017 10:58:12","QA250073"
"251","PASS","","10-20-2017 10:59:32","QA250067"
"252","PASS","","10-20-2017 11:00:23","QA250064"
"253","PASS","","10-20-2017 11:02:21","QA250045"
"254","PASS","","10-20-2017 11:03:42","QA250074"
"255","PASS","","10-20-2017 11:04:25","QA250075"
"256","PASS","","10-20-2017 11:06:40","QA250096"
"257","PASS","","10-20-2017 11:15:04","QC102"
"258","PASS","","10-20-2017 11:15:57","QA250056"
"259","PASS","","10-20-2017 11:22:06","QA250099"
"260","PASS","","10-20-2017 11:27:48","QA250062"
"261","PASS","","10-20-2017 11:29:23","QA250103"
"CLOSE", "66", "0", "10607"
"THRESHOLDS", "10 ", "1.0 M"
"HEADER1", "10-20-17 02:01 PM", "DMX XLR 5","TransBoard"
"HEADER2", ""
"HEADER3", "World Class Audio Visual Elements, LLC.", "Operator Name: 102"
"262","PASS","","10-20-2017 14:01:52","QA250095"
"263","PASS","","10-20-2017 14:02:33","QA250043"
"264","PASS","","10-20-2017 14:03:10","QA250066"
"265","PASS","","10-20-2017 14:12:55","QA250063"
"266","PASS","","10-20-2017 14:14:32","QA250069"
"267","PASS","","10-20-2017 14:15:34","QA250081"
"268","PASS","","10-20-2017 14:16:16","QA250097"
"269","PASS","","10-20-2017 14:17:11","QA250080"
"270","PASS","","10-20-2017 14:18:30","QA250060"
"271","PASS","","10-20-2017 14:19:04","QA250098"
"272","PASS","","10-20-2017 14:24:24","QA250001"
"273","PASS","","10-20-2017 14:25:06","QA250004"
"274","PASS","","10-20-2017 14:35:37","QA250032"
"275","PASS","","10-20-2017 14:36:14","QA250008"
"276","PASS","","10-20-2017 14:36:52","QA250014"
"277","PASS","","10-20-2017 14:37:32","QA250038"
"278","PASS","","10-20-2017 14:38:04","QA250037"
"279","PASS","","10-20-2017 14:38:39","QA250009"
"280","PASS","","10-20-2017 14:39:22","QA250109"
"281","PASS","","10-20-2017 14:42:22","QA250023"
"282","PASS","","10-20-2017 14:43:14","QA250031"
"283","PASS","","10-20-2017 14:43:44","QA250106"
"284","PASS","","10-20-2017 14:44:29","QA250088"
"285","PASS","","10-20-2017 14:45:35","QA250035"
"286","PASS","","10-20-2017 14:46:10","QA250011"
"CLOSE", "25", "0", "2658"
"THRESHOLDS", "10 ", "1.0 M"
"HEADER1", "10-20-17 03:21 PM", "DMX XLR 5","TransBoard"
"HEADER2", ""
"HEADER3", "World Class Audio Visual Elements, LLC.", "Operator Name: 102"
"THRESHOLDS", "10 ", "1.0 M"
"HEADER1", "10-20-17 03:21 PM", "DMX XLR 5","TransBoard"
"HEADER2", ""
"HEADER3", "World Class Audio Visual Elements, LLC.", "Operator Name: 102"
"287","PASS","","10-20-2017 15:21:58","QA250029"
"288","PASS","","10-20-2017 15:27:11","QA250024"
"289","PASS","","10-20-2017 15:27:56","QA250040"
"290","PASS","","10-20-2017 15:31:36","QA250017"
"291","PASS","","10-20-2017 15:32:29","QA250002"
"292","PASS","","10-20-2017 15:32:57","QA250013"
"293","PASS","","10-20-2017 15:33:24","QA250039"
"294","PASS","","10-20-2017 15:34:55","QA250007"
"295","PASS","","10-20-2017 15:35:38","QA250005"
"296","PASS","","10-20-2017 15:36:20","QA250028"
"297","PASS","","10-20-2017 15:37:08","QA250034"
"298","PASS","","10-20-2017 15:53:20","QA500042"
"299","PASS","","10-20-2017 15:56:50","QA500039"
"300","PASS","","10-20-2017 15:57:18","QA500040"
"301","PASS","","10-20-2017 15:57:45","QA500037"
"302","PASS","","10-20-2017 15:59:55","QA500038"
"303","PASS","","10-20-2017 16:00:17","QA500036"
"304","PASS","","10-20-2017 16:00:56","QA500032"
"305","PASS","","10-20-2017 16:01:31","QA500035"
"306","PASS","","10-20-2017 16:02:02","QA500034"
"307","PASS","","10-20-2017 16:02:31","QA500043"
"308","PASS","","10-20-2017 16:03:16","QA500044"
"309","PASS","","10-20-2017 16:03:58","QA500002"
"310","PASS","","10-20-2017 16:04:30","QA500001"
"311","PASS","","10-20-2017 16:04:57","QA500041"
"312","PASS","","10-20-2017 16:05:25","QA500047"
"313","PASS","","10-20-2017 16:08:24","QA500048"
"SUMMARY", "27", "0", "2786"
"THRESHOLDS", "10 ", "1.0 M"
"HEADER1", "10-20-17 04:12 PM", "DIGIMIC XLR 3","TransBoard"
"HEADER2", ""
"HEADER3", "World Class Audio Visual Elements, LLC.", "Operator Name: 102"
"314","PASS","","10-20-2017 16:12:58","QA500065"
"315","PASS","","10-20-2017 16:38:29","QA060032"
"316","PASS","","10-20-2017 16:39:03","QA060030"
"317","PASS","","10-20-2017 16:40:25","QA060029"
"318","PASS","","10-20-2017 16:40:55","QA060006"
"319","PASS","","10-20-2017 16:41:59","QA060006"
"320","PASS","","10-20-2017 16:42:28","QA060017"
"SUMMARY", "7", "0", "1770"
"THRESHOLDS", "10 ", "1.0 M"
"HEADER1", "10-23-17 08:05 AM", "DIGIMIC XLR 3","TransBoard"
"HEADER2", ""
"HEADER3", "World Class Audio Visual Elements, LLC.", "Operator Name: 102"
"321","PASS","","10-23-2017 08:05:42","QA030014"
"322","PASS","","10-23-2017 08:06:18","QA030063"
"323","PASS","","10-23-2017 08:06:55","QA030015"
"324","PASS","","10-23-2017 08:07:46","QA030017"
"325","PASS","","10-23-2017 08:08:48","QA030009"
"326","PASS","","10-23-2017 08:09:40","QA030016"
"327","PASS","","10-23-2017 08:10:29","QA030001"
"328","FAIL","J1:15 J1:45 SHORT","10-23-2017 08:11:16","QA030005"
"CLOSE", "8", "1", "334"
"THRESHOLDS", "10 ", "1.0 M"
"HEADER1", "10-23-17 08:14 AM", "DIGIMIC XLR 3","TransBoard"
"HEADER2", ""
"HEADER3", "World Class Audio Visual Elements, LLC.", "Operator Name: 102"
"329","PASS","","10-23-2017 08:14:24","QA060017"
"330","PASS","","10-23-2017 08:15:04","QA030005"
"331","PASS","","10-23-2017 08:15:49","QA030070"
"332","PASS","","10-23-2017 08:16:42","QA030072"
"333","PASS","","10-23-2017 08:17:35","QA030068"
"334","PASS","","10-23-2017 08:18:38","QA030069"
"335","PASS","","10-23-2017 08:19:23","QA030013"
"336","PASS","","10-23-2017 08:20:19","QA030002"
"337","PASS","","10-23-2017 08:21:53","QA030012"
"338","PASS","","10-23-2017 08:22:27","QA030018"
"339","PASS","","10-23-2017 08:24:54","QA030011"
"340","PASS","","10-23-2017 08:26:56","QA030004"
"341","PASS","","10-23-2017 08:28:15","QA030007"
"342","PASS","","10-23-2017 08:29:18","QA030010"
"343","PASS","","10-23-2017 08:31:10","QA030006"
"344","PASS","","10-23-2017 08:31:59","QA030065"
"345","PASS","","10-23-2017 08:32:38","QA030008"
"346","PASS","","10-23-2017 08:33:56","QA030071"
"347","PASS","","10-23-2017 08:35:28","QA030066"
"348","PASS","","10-23-2017 08:36:24","QA030003"
"349","PASS","","10-23-2017 08:38:34","QA030062"
"350","PASS","","10-23-2017 08:41:05","QA030061"
"351","PASS","","10-23-2017 08:42:21","QA030061"
"352","PASS","","10-23-2017 08:57:34","QA250349"
"353","PASS","","10-23-2017 08:58:34","QA250331"
"354","PASS","","10-23-2017 09:01:31","QA250331"
"355","PASS","","10-23-2017 09:02:20","QA250158"
"356","PASS","","10-23-2017 09:03:21","QA250336"
"357","PASS","","10-23-2017 09:05:32","QA250145"
"358","PASS","","10-23-2017 09:06:34","QA250343"
"359","PASS","","10-23-2017 09:07:20","QA250345"
"360","PASS","","10-23-2017 09:09:02","QA250322"
"361","PASS","","10-23-2017 09:11:32","QA250182"
"362","PASS","","10-23-2017 09:14:34","QA250161"
"363","PASS","","10-23-2017 09:15:20","QA250163"
"364","PASS","","10-23-2017 09:18:12","QA250340"
"365","PASS","","10-23-2017 09:19:54","QA250500"
"366","PASS","","10-23-2017 09:20:54","QA250153"
"367","PASS","","10-23-2017 09:23:00","QA250175"
"368","PASS","","10-23-2017 09:27:08","QA250175"
"369","FAIL","J1:23 J1:49 SHORT, J1:24 J1:50 SHORT","10-23-2017 09:27:35","QA250175"
"370","PASS","","10-23-2017 09:28:03","QA250157"
"371","PASS","","10-23-2017 09:29:51","QA250159"
"372","PASS","","10-23-2017 09:32:02","QA250335"
"373","PASS","","10-23-2017 09:34:15","QA250162"
"374","PASS","","10-23-2017 09:37:39","QA250338"
"375","PASS","","10-23-2017 09:41:56","QA250154"
"376","PASS","","10-23-2017 09:42:41","QA250321"
"377","PASS","","10-23-2017 09:45:19","QA250330"
"378","PASS","","10-23-2017 09:46:34","QA250160"
"379","PASS","","10-23-2017 09:48:26","QA250346"
"380","PASS","","10-23-2017 09:49:37","QA250359"
"381","PASS","","10-23-2017 09:51:35","QA250352"
"382","PASS","","10-23-2017 09:58:38","QA250361"
"383","PASS","","10-23-2017 09:59:50","QA250333"
"384","PASS","","10-23-2017 10:03:01","QA250348"
"385","PASS","","10-23-2017 10:04:06","QA250353"
"386","PASS","","10-23-2017 10:05:06","QA250355"
"387","PASS","","10-23-2017 10:06:08","QA250342"
"388","PASS","","10-23-2017 10:07:29","QA250334"
"389","PASS","","10-23-2017 10:08:26","QA250326"
"390","PASS","","10-23-2017 10:09:46","QA250337"
"391","PASS","","10-23-2017 10:21:17","QA250320"
"392","PASS","","10-23-2017 10:26:05","QA250329"
"393","PASS","","10-23-2017 10:26:41","QA250328"
"394","PASS","","10-23-2017 10:27:14","QA250324"
"395","PASS","","10-23-2017 10:27:52","QA250327"
"396","FAIL","J1:15 J1:27 SHORT","10-23-2017 10:28:13","QA250341"
"397","PASS","","10-23-2017 10:29:09","QA250341"
"398","PASS","","10-23-2017 10:30:14","QA250341"
"399","PASS","","10-23-2017 10:31:48","QA250360"
"400","PASS","","10-23-2017 10:32:47","QA250350"
"SUMMARY", "72", "2", "8303"
"THRESHOLDS", "10 ", "1.0 M"
"HEADER1", "10-23-17 10:36 AM", "DIGIMIC XLR 3","TransBoard"
"HEADER2", ""
"HEADER3", "World Class Audio Visual Elements, LLC.", "Operator Name: 102"
"401","PASS","","10-23-2017 10:36:54","QA250350"
"402","PASS","","10-23-2017 10:39:29","QA250354"
"403","PASS","","10-23-2017 10:40:10","QA250358"
"404","PASS","","10-23-2017 10:40:52","QA250344"
"405","PASS","","10-23-2017 10:42:35","QA250351"
"406","PASS","","10-23-2017 10:43:44","QA250323"
"407","PASS","","10-23-2017 10:50:31","QA250323"
"408","PASS","","10-23-2017 10:53:09","QA250156"
"409","PASS","","10-23-2017 10:54:57","QA250166"
"410","PASS","","10-23-2017 10:55:29","QA250167"
"411","PASS","","10-23-2017 10:56:44","QA250174"
"412","PASS","","10-23-2017 10:57:55","QA250168"
"413","PASS","","10-23-2017 10:58:50","QA250164"
"414","PASS","","10-23-2017 10:59:42","QA250170"
"415","PASS","","10-23-2017 11:03:02","QA250165"
"416","PASS","","10-23-2017 11:07:25","QA250325"
"417","PASS","","10-23-2017 11:08:55","QA250347"
"418","PASS","","10-23-2017 11:10:19","QA250332"
"419","PASS","","10-23-2017 11:19:29","QA500062"
"420","PASS","","10-23-2017 11:22:23","QA500089"
"421","PASS","","10-23-2017 11:23:31","QA500076"
"422","PASS","","10-23-2017 11:27:06","QA500088"
"423","PASS","","10-23-2017 11:28:29","QA500008"
"424","PASS","","10-23-2017 11:29:17","QA500083"
"425","PASS","","10-23-2017 11:30:07","QA500007"
"426","PASS","","10-23-2017 11:31:16","QA500087"
"427","PASS","","10-23-2017 11:32:23","QA500081"
"428","PASS","","10-23-2017 11:33:03","QA500055"
"429","PASS","","10-23-2017 11:34:31","QA500080"
"430","PASS","","10-23-2017 11:35:05","QA500086"
"431","PASS","","10-23-2017 11:35:41","QA500071"
"432","PASS","","10-23-2017 11:36:31","QA500084"
"433","PASS","","10-23-2017 11:37:24","QA500072"
"434","PASS","","10-23-2017 11:38:31","QA500073"
"435","PASS","","10-23-2017 11:39:35","QA500082"
"436","PASS","","10-23-2017 11:40:47","QA500093"
"437","PASS","","10-23-2017 11:42:53","QA500082"
"438","PASS","","10-23-2017 11:45:06","QA500054"
"439","PASS","","10-23-2017 12:13:32","QA500061"
"440","PASS","","10-23-2017 12:15:15","QC102"
"441","PASS","","10-23-2017 12:16:13","QA500011"
"442","PASS","","10-23-2017 12:18:10","QA500003"
"443","PASS","","10-23-2017 12:19:47","QC102"
"CLOSE", "43", "0", "6173"
"THRESHOLDS", "10 ", "1.0 M"
"HEADER1", "10-23-17 02:48 PM", "DIGIMIC XLR 3","TransBoard"
"HEADER2", ""
"HEADER3", "World Class Audio Visual Elements, LLC.", "Operator Name: 102"
"444","PASS","","10-23-2017 14:48:41","QA500004"
"445","PASS","","10-23-2017 14:53:37","QA500085"
"446","PASS","","10-23-2017 14:55:36","QA500063"
"447","PASS","","10-23-2017 14:58:32","QA500064"
"448","PASS","","10-23-2017 14:59:58","QA500070"
"449","PASS","","10-23-2017 15:21:02","QA500066"
"450","PASS","","10-23-2017 15:25:20","QA500067"
"451","PASS","","10-23-2017 15:27:02","QA500052"
"452","PASS","","10-23-2017 15:28:45","QA500053"
"453","PASS","","10-23-2017 15:30:13","QA500005"
"454","PASS","","10-23-2017 15:31:34","QA500057"
"455","PASS","","10-23-2017 15:32:30","QA500056"
"456","PASS","","10-23-2017 15:34:27","QA500059"
"457","PASS","","10-23-2017 15:52:12","QA500010"
"458","PASS","","10-23-2017 16:05:38","QA500060"
"459","PASS","","10-23-2017 16:08:21","QA500058"
"460","PASS","","10-23-2017 16:34:07","QA100542"
"461","PASS","","10-23-2017 16:34:33","QA100454"
"462","PASS","","10-23-2017 16:35:21","QA100404"
"463","PASS","","10-23-2017 16:38:19","QA100404"
"464","PASS","","10-23-2017 16:39:00","QC102"
"465","PASS","","10-23-2017 16:41:38","QA100546"
"466","PASS","","10-23-2017 16:46:48","QA100379"
"467","PASS","","10-23-2017 16:49:02","QA100537"
"468","PASS","","10-23-2017 16:49:57","QA100545"
"469","PASS","","10-23-2017 16:50:30","QA100415"
"CLOSE", "26", "0", "7309"
"THRESHOLDS", "10 ", "1.0 M"
"HEADER1", "10-23-17 04:53 PM", "DIGIMIC XLR 3","TransBoard"
"HEADER2", ""
"HEADER3", "World Class Audio Visual Elements, LLC.", "Operator Name: 102"
"470","PASS","","10-23-2017 16:54:03","QA100540"
"471","PASS","","10-23-2017 16:57:43","QA100388"
"472","PASS","","10-24-2017 08:32:39","QA100550"
"473","PASS","","10-24-2017 08:56:12","QA100551"
"474","PASS","","10-24-2017 09:15:38","QA100405"
"475","PASS","","10-24-2017 09:19:43","QA100412"
"476","PASS","","10-24-2017 09:20:15","QA100398"
"477","PASS","","10-24-2017 09:42:12","QA100399"
"478","PASS","","10-24-2017 09:45:12","QA100406"
"479","PASS","","10-24-2017 09:48:59","QA100380"
"480","PASS","","10-24-2017 09:50:06","QA100382"
"481","PASS","","10-24-2017 09:57:12","QA100414"
"482","PASS","","10-24-2017 10:00:08","QA100450"
"483","PASS","","10-24-2017 10:57:57","QA100437"
"484","PASS","","10-24-2017 13:48:55","QA100456"
"485","FAIL","J1:3 J1:15 SHORT","10-24-2017 13:49:38","QA100389"
"486","PASS","","10-24-2017 14:08:05","QA100443"
"487","PASS","","10-24-2017 14:22:35","QA100411"
"488","PASS","","10-24-2017 14:24:34","QA100436"
"489","PASS","","10-24-2017 14:25:34","QA100386"
"490","PASS","","10-24-2017 14:26:42","QA100539"
"491","PASS","","10-24-2017 14:27:33","QA100451"
"492","PASS","","10-25-2017 08:15:43","QA100390"
"SUMMARY", "23", "1", "141700"
"THRESHOLDS", "10 ", "1.0 M"
"HEADER1", "10-25-17 08:16 AM", "DIGIMIC XLR 3","TransBoard"
"HEADER2", ""
"HEADER3", "World Class Audio Visual Elements, LLC.", "Operator Name: 102"
"493","PASS","","10-25-2017 08:16:26","QA100455"
"494","PASS","","10-25-2017 08:17:46","QA100397"
"495","PASS","","10-25-2017 08:18:11","QA100437"
"496","PASS","","10-25-2017 08:23:28","QA100543"
"497","PASS","","10-25-2017 08:28:38","QA100547"
"498","PASS","","10-25-2017 08:41:25","QA100442"
"499","PASS","","10-25-2017 08:42:04","QA100422"
"500","PASS","","10-25-2017 08:42:44","QA100434"
"501","PASS","","10-25-2017 08:45:19","QA100373"
"502","PASS","","10-25-2017 08:45:57","QA100374"
"503","PASS","","10-25-2017 08:46:25","QA100387"
"504","PASS","","10-25-2017 08:47:03","QA100383"
"505","PASS","","10-25-2017 08:47:43","QA100375"
"506","PASS","","10-25-2017 08:48:18","QA100384"
"507","PASS","","10-25-2017 08:49:13","QA100444"
"508","PASS","","10-25-2017 08:50:03","QA100457"
"509","PASS","","10-25-2017 09:16:14","QA100433"
"510","PASS","","10-25-2017 09:17:03","QA100447"
"511","PASS","","10-25-2017 09:18:13","QA100402"
"512","PASS","","10-25-2017 09:19:14","QA100439"
"513","PASS","","10-25-2017 09:32:14","QA100409"
"514","PASS","","10-25-2017 10:03:22","QA100449"
"515","PASS","","10-25-2017 10:04:42","QA100544"
"516","PASS","","10-25-2017 10:18:36","QA100426"
"517","PASS","","10-25-2017 13:04:19","QA100459"
"518","PASS","","10-25-2017 13:05:15","QA100458"
"519","PASS","","10-25-2017 13:06:09","QA100416"
"520","PASS","","10-25-2017 13:07:36","QA100421"
"521","PASS","","10-25-2017 13:23:00","QA100385"
"522","PASS","","10-25-2017 13:31:41","QA100432"
"523","PASS","","10-25-2017 14:36:46","QA100392"
"524","PASS","","10-25-2017 14:37:30","QA100410"
"525","PASS","","10-25-2017 14:38:09","QA100541"
"526","PASS","","10-25-2017 14:39:11","QA100419"
"527","PASS","","10-25-2017 14:39:50","QA100394"
"528","PASS","","10-25-2017 14:56:21","QA100427"
"529","PASS","","10-25-2017 14:58:46","QA100396"
"530","PASS","","10-25-2017 14:59:28","QA100452"
"531","PASS","","10-25-2017 15:00:33","QA100417"
"532","PASS","","10-26-2017 08:12:09","QA100420"
"533","PASS","","10-26-2017 08:12:55","QA100407"
"534","PASS","","10-26-2017 08:14:09","QA100423"
"535","PASS","","10-26-2017 08:15:41","QA100538"
"536","PASS","","10-26-2017 08:23:17","QA500006"
"SUMMARY", "44", "0", "86811"
"THRESHOLDS", "10 ", "1.0 M"
"HEADER1", "10-26-17 08:36 AM", "WAV-CAT","TransBoard"
"HEADER2", ""
"HEADER3", "World Class Audio Visual Elements, LLC.", "Operator Name: 102"
"SUMMARY", "0", "0", "0"
"THRESHOLDS", "10 ", "1.0 M"
"HEADER1", "10-26-17 08:40 AM", "WAV-CAT25","TransBoard"
"HEADER2", ""
"HEADER3", "World Class Audio Visual Elements, LLC.", "Operator Name: 102"
"537","PASS","","10-26-2017 08:40:55","QA250266"
"538","PASS","","10-26-2017 08:41:17","QA250245"
"539","PASS","","10-26-2017 08:41:41","QA250376"
"540","PASS","","10-26-2017 08:42:14","QA250264"
"541","PASS","","10-26-2017 08:42:43","QA250375"
"542","PASS","","10-26-2017 08:43:17","QA250377"
"543","PASS","","10-26-2017 08:44:16","QA250381"
"544","PASS","","10-26-2017 08:45:56","QA250371"
"545","PASS","","10-26-2017 08:46:22","QA250372"
"546","PASS","","10-26-2017 08:47:12","QA250379"
"547","FAIL","J1:10 J1:20 OPEN, J1:11 J1:21 OPEN","10-26-2017 08:47:38","QA250235"
"548","PASS","","10-26-2017 08:48:17","QA250235"
"549","PASS","","10-26-2017 08:48:45","QA250379"
"550","PASS","","10-26-2017 08:49:27","QA250268"
"551","PASS","","10-26-2017 08:50:19","QA250267"
"552","PASS","","10-26-2017 08:50:52","QA250386"
"553","PASS","","10-26-2017 08:52:17","QA250238"
"554","PASS","","10-26-2017 08:52:54","QA250366"
"555","FAIL","J1:7 J1:18 SHORT, J1:8 J1:17 SHORT","10-26-2017 08:53:53","QA250236"
"556","FAIL","J1:7 J1:18 SHORT, J1:8 J1:17 SHORT","10-26-2017 08:54:38","QA250236"
"557","FAIL","J1:7 J1:18 SHORT, J1:8 J1:17 SHORT","10-26-2017 08:54:46","QA250236"
"CLOSE", "21", "4", "831"
"THRESHOLDS", "10 ", "1.0 M"
"HEADER1", "10-26-17 08:57 AM", "WAV-CAT25","TransBoard"
"HEADER2", ""
"HEADER3", "World Class Audio Visual Elements, LLC.", "Operator Name: 102"
"558","FAIL","J1:7 J1:18 SHORT, J1:8 J1:17 SHORT","10-26-2017 08:57:50","QA250214"
"559","FAIL","J1:7 J1:18 SHORT, J1:8 J1:17 SHORT","10-26-2017 08:58:47","QA250213"
"560","PASS","","10-26-2017 08:59:19","QA250266"
"561","PASS","","10-26-2017 09:00:00","QA250243"
"562","PASS","","10-26-2017 09:00:32","QA250237"
"563","PASS","","10-26-2017 09:01:00","QA250244"
"564","PASS","","10-26-2017 09:01:37","QA250239"
"565","PASS","","10-26-2017 09:02:13","QA250385"
"566","PASS","","10-26-2017 09:03:09","QA250382"
"567","PASS","","10-26-2017 09:04:12","QA250389"
"568","PASS","","10-26-2017 09:05:34","QA250368"
"569","PASS","","10-26-2017 09:09:41","QA250380"
"570","PASS","","10-26-2017 09:10:27","QA250242"
"571","PASS","","10-26-2017 09:17:21","QA250265"
"572","PASS","","10-26-2017 09:19:09","QA250369"
"573","PASS","","10-26-2017 09:20:42","QA250367"
"574","PASS","","10-26-2017 09:21:54","QA250383"
"575","PASS","","10-26-2017 09:22:33","QA250248"
"576","PASS","","10-26-2017 09:24:21","QA250247"
"577","FAIL","J1:15 J1:25 RES, J1:15 J1:25 OPEN","10-26-2017 09:25:04","QA250388"
"578","PASS","","10-26-2017 09:27:42","QA250388"
"579","PASS","","10-26-2017 09:27:53","QA250388"
"580","PASS","","10-26-2017 09:28:00","QA250388"
"581","PASS","","10-26-2017 09:28:03","QA250388"
"582","PASS","","10-26-2017 09:28:40","QA250246"
"583","PASS","","10-26-2017 09:28:44","QA250246"
"584","PASS","","10-26-2017 09:29:09","QA250378"
"585","PASS","","10-26-2017 09:29:49","QA250387"
"586","PASS","","10-26-2017 09:31:51","QA250370"
"587","PASS","","10-26-2017 09:34:29","QA250373"
"588","PASS","","10-26-2017 09:35:29","QA250374"
"589","PASS","","10-26-2017 09:36:36","QA250240"
"590","PASS","","10-26-2017 09:37:44","QA250384"
"591","PASS","","10-26-2017 09:40:21","QA250243"
"592","PASS","","10-26-2017 09:41:33","QA250366"
"593","PASS","","10-26-2017 09:43:12","QA250238"
"SUMMARY", "36", "3", "2722"
"THRESHOLDS", "10 ", "1.0 M"
"HEADER1", "10-26-17 09:53 AM", "WAV-SDI","TransBoard"
"HEADER2", ""
"HEADER3", "World Class Audio Visual Elements, LLC.", "Operator Name: 102"
"594","PASS","","10-26-2017 09:54:13","QA250256"
"595","PASS","","10-26-2017 09:54:54","QA100536"
"596","PASS","","10-26-2017 09:56:45","QA250255"
"597","PASS","","10-26-2017 10:04:58","QA250259"
"SUMMARY", "4", "0", "645"
"THRESHOLDS", "10 ", "1.0 M"
"HEADER1", "10-26-17 10:08 AM", "WAV-NL4X","TransBoard"
"HEADER2", ""
"HEADER3", "World Class Audio Visual Elements, LLC.", "Operator Name: 102"
"598","PASS","","10-26-2017 10:14:53","QA250250"
"599","PASS","","10-26-2017 10:15:40","QA250254"
"600","PASS","","10-26-2017 10:16:09","QA250249"
"601","PASS","","10-26-2017 10:16:47","QA250253"
"602","PASS","","10-26-2017 10:18:18","QA250251"
"603","PASS","","10-26-2017 10:18:48","QA250252"
"604","FAIL","J1:7 J1:17 SHORT, J1:8 J1:18 SHORT","10-26-2017 11:59:17","QA250236"
"605","FAIL","J1:7 J1:17 SHORT, J1:8 J1:18 SHORT","10-26-2017 12:10:36","QA250236"
"SUMMARY", "8", "2", "6943"
"THRESHOLDS", "10 ", "1.0 M"
"HEADER1", "10-26-17 12:14 PM", "WAV-CAT","TransBoard"
"HEADER2", ""
"HEADER3", "World Class Audio Visual Elements, LLC.", "Operator Name: 102"
"606","PASS","","10-26-2017 12:14:18","QA250236"
"SUMMARY", "1", "0", "0"
"THRESHOLDS", "10 ", "1.0 M"
"HEADER1", "10-26-17 02:32 PM", "WAV-DMXTERM1","TransBoard"
"HEADER2", ""
"HEADER3", "World Class Audio Visual Elements, LLC.", "Operator Name: 102"
"607","PASS","","10-26-2017 14:33:50","QAT0009"
"608","PASS","","10-26-2017 14:34:25","QAT0042"
"609","PASS","","10-26-2017 14:34:38","QAT0008"
"610","PASS","","10-26-2017 14:34:53","QAT0003"
"611","PASS","","10-26-2017 14:35:07","QAT0040"
"612","PASS","","10-26-2017 14:35:22","QAT0006"
"613","PASS","","10-26-2017 14:35:48","QAT0063"
"614","PASS","","10-26-2017 14:36:08","QAT0047"
"615","PASS","","10-26-2017 14:36:31","QAT0039"
"616","PASS","","10-26-2017 14:37:13","QAT0062"
"617","PASS","","10-26-2017 14:38:41","QAT0056"
"618","PASS","","10-26-2017 14:38:53","QAT0023"
"619","PASS","","10-26-2017 14:39:06","QAT0029"
"620","PASS","","10-26-2017 14:39:19","QAT0064"
"621","PASS","","10-26-2017 14:50:22","QAT0059"
"622","PASS","","10-26-2017 14:50:36","QAT0060"
"623","PASS","","10-26-2017 14:50:48","QAT0005"
"624","PASS","","10-26-2017 14:51:02","QAT0068"
"625","PASS","","10-26-2017 14:51:17","QAT0014"
"626","PASS","","10-26-2017 14:52:48","QAT0061"
"627","PASS","","10-26-2017 14:53:04","QAT0028"
"628","PASS","","10-26-2017 14:53:18","QAT0050"
"629","PASS","","10-26-2017 14:53:37","QAT0055"
"630","PASS","","10-26-2017 14:54:01","QAT0018"
"631","PASS","","10-26-2017 14:54:18","QAT0058"
"632","PASS","","10-26-2017 14:54:43","QAT0030"
"633","PASS","","10-26-2017 14:54:56","QAT0007"
"634","PASS","","10-26-2017 14:55:15","QAT0036"
"635","PASS","","10-26-2017 14:55:38","QAT0021"
"636","PASS","","10-26-2017 15:01:28","QAT0015"
"637","PASS","","10-26-2017 15:01:43","QAT0022"
"638","PASS","","10-26-2017 15:04:51","QAT0004"
"639","PASS","","10-26-2017 15:14:30","QAT0070"
"640","PASS","","10-26-2017 15:15:35","QAT0073"
"641","PASS","","10-26-2017 15:17:11","QAT0069"
"642","PASS","","10-26-2017 15:19:04","QAT0072"
"CLOSE", "36", "0", "2714"
"THRESHOLDS", "10 ", "1.0 M"
"HEADER1", "10-26-17 03:22 PM", "WAV-DMXTERM1","TransBoard"
"HEADER2", ""
"HEADER3", "World Class Audio Visual Elements, LLC.", "Operator Name: 102"
"643","PASS","","10-26-2017 15:22:34","QAT0071"
"644","PASS","","10-26-2017 15:23:45","QAT0074"
"SUMMARY", "2", "0", "71"
"THRESHOLDS", "10 ", "1.0 M"
"HEADER1", "10-26-17 03:30 PM", "WAV-TS","TransBoard"
"HEADER2", ""
"HEADER3", "World Class Audio Visual Elements, LLC.", "Operator Name: 102"
"645","PASS","","10-26-2017 15:32:09","QA100552"
"646","PASS","","10-26-2017 15:34:48","QA100553"
"647","PASS","","10-26-2017 15:36:21","QA100554"
"648","PASS","","10-26-2017 15:38:21","QA100555"
"649","PASS","","10-26-2017 15:41:48","QA250395"
"650","PASS","","10-26-2017 15:42:54","QA250402"
"651","PASS","","10-26-2017 15:44:17","QA250403"
"652","PASS","","10-26-2017 15:48:10","QA250404"
"653","PASS","","10-26-2017 15:49:59","QA250405"
"654","PASS","","10-26-2017 15:51:55","QA250406"
"655","PASS","","10-26-2017 15:55:14","QA250408"
"656","PASS","","10-26-2017 16:12:08","QA100556"
"657","PASS","","10-26-2017 16:15:05","QA100557"
"658","PASS","","10-26-2017 16:18:48","QA100558"
"659","PASS","","10-26-2017 16:22:34","QA100559"
"660","PASS","","10-26-2017 16:22:52","QA100559"
"661","PASS","","10-26-2017 16:25:26","QA100560"
"SUMMARY", "17", "0", "3197"
"THRESHOLDS", "10 ", "1.0 M"
"HEADER1", "10-26-17 04:32 PM", "WAV-TRS","TransBoard"
"HEADER2", ""
"HEADER3", "World Class Audio Visual Elements, LLC.", "Operator Name: 102"
"662","PASS","","10-26-2017 16:32:19","QA250291"
"SUMMARY", "1", "0", "0"
"THRESHOLDS", "10 ", "1.0 M"
"HEADER1", "10-30-17 04:40 PM", "DMX XLR 5","TransBoard"
"HEADER2", ""
"HEADER3", "World Class Audio Visual Elements, LLC.", "Operator Name: 102"
"663","PASS","","10-30-2017 16:40:58","QAC0027"
"664","PASS","","10-30-2017 16:42:24","QAC0028"
"665","PASS","","10-30-2017 16:43:38","QAC0029"
"666","PASS","","10-30-2017 16:44:50","QAC0030"
"CLOSE", "4", "0", "232"
"THRESHOLDS", "10 ", "1.0 M"
"HEADER1", "10-30-17 04:46 PM", "DMX XLR 5","TransBoard"
"HEADER2", ""
"HEADER3", "World Class Audio Visual Elements, LLC.", "Operator Name: 102"
"THRESHOLDS", "10 ", "1.0 M"
"HEADER1", "10-30-17 04:47 PM", "DMX XLR 5","TransBoard"
"HEADER2", ""
"HEADER3", "World Class Audio Visual Elements, LLC.", "Operator Name: 102"
"THRESHOLDS", "10 ", "1.0 M"
"HEADER1", "10-30-17 04:48 PM", "DMX XLR 5","TransBoard"
"HEADER2", ""
"HEADER3", "World Class Audio Visual Elements, LLC.", "Operator Name: 102"
"667","PASS","","10-30-2017 16:48:07","QAC0031"
"CLOSE", "1", "0", "0"
"THRESHOLDS", "10 ", "1.0 M"
"HEADER1", "10-30-17 04:49 PM", "DMX XLR 5","TransBoard"
"HEADER2", ""
"HEADER3", "World Class Audio Visual Elements, LLC.", "Operator Name: 102"
"668","PASS","","10-30-2017 16:49:40","QAC0032"
"669","PASS","","10-30-2017 16:50:52","QAC0033"
"670","PASS","","10-30-2017 16:52:03","QAC0034"
"671","PASS","","10-30-2017 16:53:19","QAC0036"
"SUMMARY", "4", "0", "219"
"THRESHOLDS", "10 ", "1.0 M"
"HEADER1", "11-01-17 04:10 PM", "WAV-DIGIMIC","TransBoard"
"HEADER2", ""
"HEADER3", "World Class Audio Visual Elements, LLC.", "Operator Name: 42"
"672","PASS","","11-01-2017 16:10:15","QA100541"
"673","FAIL","J1:1 J1:29 SHORT, J1:2 J1:30 SHORT","11-01-2017 16:10:43","123"
"SUMMARY", "2", "1", "28"
"THRESHOLDS", "10 ", "1.0 M"
"HEADER1", "11-02-17 03:56 PM", "WAV-CAT","TransBoard"
"HEADER2", ""
"HEADER3", "World Class Audio Visual Elements, LLC.", "Operator Name: 102"
"674","FAIL","J1:15 J1:25 SHORT","11-02-2017 15:57:36","QA500151"
"SUMMARY", "1", "1", "0"
"THRESHOLDS", "10 ", "1.0 M"
"HEADER1", "11-02-17 03:58 PM", "WAV-CAT","TransBoard"
"HEADER2", ""
"HEADER3", "World Class Audio Visual Elements, LLC.", "Operator Name: 102"
"675","PASS","","11-02-2017 15:59:07","QA500151"
"SUMMARY", "1", "0", "0"
"THRESHOLDS", "10 ", "1.0 M"
"HEADER1", "11-08-17 12:16 PM", "DMX XLR 5","TransBoard"
"HEADER2", ""
"HEADER3", "World Class Audio Visual Elements, LLC.", "Operator Name: 102"
"676","PASS","","11-08-2017 12:17:02","QA100561"
"677","PASS","","11-08-2017 12:17:58","QA100562"
"678","PASS","","11-08-2017 12:19:06","QA100563"
"679","FAIL","J1:40 J1:49 SHORT, J1:41 J1:47 SHORT","11-08-2017 12:20:04","QA100564"
"680","FAIL","J1:40 J1:49 SHORT, J1:41 J1:47 SHORT","11-08-2017 12:20:12","QA100564"
"681","FAIL","J1:40 J1:49 SHORT, J1:41 J1:47 SHORT","11-08-2017 12:20:27","QA100564"
"682","PASS","","11-08-2017 12:23:06","QA100564"
"683","PASS","","11-08-2017 12:24:08","QA100565"
"684","PASS","","11-08-2017 12:25:01","QA100566"
"685","PASS","","11-08-2017 12:26:51","QA100568"
"686","PASS","","11-08-2017 12:27:46","QA100569"
"687","PASS","","11-08-2017 12:28:59","QA100570"
"688","PASS","","11-08-2017 12:30:37","QA100571"
"689","PASS","","11-08-2017 12:33:05","QA100573"
"690","PASS","","11-08-2017 12:33:57","QA100574"
"691","PASS","","11-08-2017 12:35:11","QA100575"
"692","PASS","","11-08-2017 12:36:59","QA100576"
"693","PASS","","11-08-2017 12:38:01","QA100577"
"694","PASS","","11-08-2017 12:38:59","QA100578"
"695","PASS","","11-08-2017 12:40:00","QA100579"
"696","PASS","","11-08-2017 12:41:01","QA100580"
"697","PASS","","11-08-2017 12:42:15","QA100581"
"698","PASS","","11-08-2017 12:43:16","QA100582"
"699","PASS","","11-08-2017 12:44:19","QA100583"
"700","PASS","","11-08-2017 12:45:29","QA100584"
"701","PASS","","11-08-2017 13:50:13","QA100585"
"702","PASS","","11-08-2017 13:51:21","QA100586"
"703","PASS","","11-08-2017 13:52:31","QA100587"
"704","PASS","","11-08-2017 14:23:30","QA100588"
"705","PASS","","11-08-2017 14:24:16","QA100589"
"706","PASS","","11-08-2017 14:30:49","QA100590"
"707","PASS","","11-08-2017 15:00:23","QA100591"
"708","PASS","","11-08-2017 15:01:22","QA100592"
"709","FAIL","J1:42 J1:47 SHORT, J1:43 J1:46 SHORT","11-08-2017 15:02:25","QA100593"
"710","PASS","","11-08-2017 15:06:25","QA100594"
"711","PASS","","11-08-2017 15:07:26","QA100595"
"712","PASS","","11-08-2017 15:08:39","QA100596"
"713","PASS","","11-08-2017 15:09:49","QA100597"
"714","PASS","","11-08-2017 15:11:08","QA100598"
"715","PASS","","11-08-2017 15:12:30","QA100599"
"716","PASS","","11-08-2017 15:13:55","QA100600"
"717","PASS","","11-08-2017 15:14:50","QA100602"
"718","PASS","","11-08-2017 15:15:41","QA100602"
"719","PASS","","11-08-2017 15:16:42","QA100603"
"720","PASS","","11-08-2017 15:17:46","QA100604"
"721","PASS","","11-08-2017 15:18:51","QA100605"
"722","PASS","","11-08-2017 15:20:00","QA100606"
"723","PASS","","11-08-2017 15:21:23","QA100607"
"724","PASS","","11-08-2017 15:22:33","QA100608"
"725","PASS","","11-08-2017 15:24:14","QA100609"
"726","PASS","","11-08-2017 15:25:12","QA100610"
"727","FAIL","J1:39 J1:51 SHORT, J1:40 J1:50 SHORT","11-08-2017 15:50:27","QA100611"
"728","PASS","","11-08-2017 15:51:23","QA100612"
"729","PASS","","11-08-2017 15:52:34","QA100613"
"730","PASS","","11-08-2017 15:53:28","QA100614"
"731","PASS","","11-08-2017 15:54:25","QA100615"
"732","PASS","","11-08-2017 15:55:54","QA100616"
"733","PASS","","11-08-2017 16:31:20","QA100618"
"734","PASS","","11-08-2017 16:32:24","QA100618"
"735","PASS","","11-08-2017 16:33:31","QA100620"
"736","PASS","","11-08-2017 16:37:52","QA100620"
"737","PASS","","11-08-2017 16:41:43","QA100621"
"738","PASS","","11-08-2017 16:45:56","QA100622"
"739","PASS","","11-08-2017 16:47:02","QA100624"
"740","PASS","","11-08-2017 16:48:11","QA100624"
"741","PASS","","11-08-2017 16:50:05","QA100625"
"742","PASS","","11-08-2017 16:51:35","QA100626"
"743","PASS","","11-08-2017 16:52:44","QA100627"
"744","PASS","","11-08-2017 16:53:46","QA100628"
"745","PASS","","11-08-2017 16:56:56","QA100630"
"746","PASS","","11-08-2017 16:57:50","QA100630"
"747","PASS","","11-08-2017 16:59:55","QA100631"
"748","PASS","","11-08-2017 17:02:17","QA100632"
"SUMMARY", "73", "5", "17115"
"THRESHOLDS", "10 ", "1.0 M"
"HEADER1", "11-09-17 08:10 AM", "DMX XLR 5","TransBoard"
"HEADER2", ""
"HEADER3", "World Class Audio Visual Elements, LLC.", "Operator Name: 102"
"749","PASS","","11-09-2017 08:10:27","QA100633"
"750","PASS","","11-09-2017 08:11:39","QA100634"
"751","PASS","","11-09-2017 08:23:53","QA100635"
"752","PASS","","11-09-2017 08:36:21","QA100636"
"SUMMARY", "4", "0", "1554"
"THRESHOLDS", "10 ", "1.0 M"
"HEADER1", "11-10-17 11:28 AM", "WAV-SDI","TransBoard"
"HEADER2", ""
"HEADER3", "World Class Audio Visual Elements, LLC.", "Operator Name: 102"
"753","PASS","","11-10-2017 11:29:19","QA100637"
"SUMMARY", "1", "0", "0"
"THRESHOLDS", "10 ", "1.0 M"
"HEADER1", "11-13-17 01:28 PM", "DIGIMIC XLR 3","TransBoard"
"HEADER2", ""
"HEADER3", "World Class Audio Visual Elements, LLC.", "Operator Name: 102"
"754","PASS","","11-13-2017 13:28:21","QA060125"
"755","PASS","","11-13-2017 13:29:20","QA060126"
"756","PASS","","11-13-2017 13:31:40","QA060127"
"757","PASS","","11-13-2017 13:32:40","QA060128"
"758","PASS","","11-13-2017 13:33:47","QA060129"
"759","PASS","","11-13-2017 13:34:51","QA060130"
"760","PASS","","11-13-2017 13:36:00","QA060131"
"761","PASS","","11-13-2017 13:37:08","QA060132"
"762","PASS","","11-13-2017 13:40:11","QA060133"
"763","PASS","","11-13-2017 13:42:37","QA060134"
"764","PASS","","11-13-2017 13:45:12","QA060136"
"765","PASS","","11-13-2017 13:48:06","QA060136"
"766","PASS","","11-13-2017 13:49:30","QA060137"
"767","PASS","","11-13-2017 13:50:58","QA060138"
"768","PASS","","11-13-2017 13:53:01","QA060138"
"769","PASS","","11-13-2017 13:54:22","QA060139"
"770","PASS","","11-13-2017 13:56:51","QA060140"
"771","PASS","","11-13-2017 13:58:17","QA060141"
"772","PASS","","11-13-2017 13:59:36","QA060142"
"773","PASS","","11-13-2017 14:03:31","QA060144"
"774","PASS","","11-13-2017 14:05:57","QA060145"
"775","PASS","","11-13-2017 14:08:00","QA060146"
"776","PASS","","11-13-2017 14:09:28","QA060147"
"777","PASS","","11-13-2017 14:13:35","QA060148"
"SUMMARY", "24", "0", "2714"
"THRESHOLDS", "10 ", "1.0 M"
"HEADER1", "11-14-17 11:59 AM", "DIGIMIC XLR 3","TransBoard"
"HEADER2", ""
"HEADER3", "World Class Audio Visual Elements, LLC.", "Operator Name: 102"
"778","PASS","","11-14-2017 11:59:18","QAC00010"
"SUMMARY", "1", "0", "0"
"THRESHOLDS", "10 ", "1.0 M"
"HEADER1", "11-15-17 04:19 PM", "WAV-SDI","TransBoard"
"HEADER2", ""
"HEADER3", "World Class Audio Visual Elements, LLC.", "Operator Name: 102"
"779","PASS","","11-15-2017 16:20:23","QA030126"
"780","PASS","","11-15-2017 16:21:13","QA030127"
"781","PASS","","11-15-2017 16:24:10","QA030128"
"782","PASS","","11-15-2017 16:25:09","QA030129"
"783","PASS","","11-15-2017 16:26:36","QA030130"
"784","PASS","","11-15-2017 16:31:12","QA030131"
"785","PASS","","11-15-2017 16:32:49","QA030132"
"786","PASS","","11-15-2017 16:49:07","QA030133"
"SUMMARY", "8", "0", "1724"
"THRESHOLDS", "10 ", "1.0 M"
"HEADER1", "11-16-17 08:11 AM", "WAV-SDI","TransBoard"
"HEADER2", ""
"HEADER3", "World Class Audio Visual Elements, LLC.", "Operator Name: 102"
"787","PASS","","11-16-2017 08:11:33","QA030134"
"788","PASS","","11-16-2017 08:12:25","QA030136"
"789","PASS","","11-16-2017 08:13:07","QA030136"
"790","PASS","","11-16-2017 08:13:46","QA030137"
"791","PASS","","11-16-2017 08:22:34","QA030138"
"792","PASS","","11-16-2017 08:24:36","QA030139"
"793","PASS","","11-16-2017 08:26:11","QA030140"
"794","PASS","","11-16-2017 08:27:36","QA030142"
"795","PASS","","11-16-2017 08:31:53","QA030142"
"796","PASS","","11-16-2017 08:34:00","QA030143"
"797","PASS","","11-16-2017 08:47:33","QA030144"
"798","PASS","","11-16-2017 08:51:53","QA030145"
"799","PASS","","11-16-2017 08:59:38","QA030146"
"800","PASS","","11-16-2017 09:03:03","QA030147"
"801","PASS","","11-16-2017 09:05:41","QA030148"
"802","PASS","","11-16-2017 09:06:37","QA030149"
"803","PASS","","11-16-2017 09:44:24","QA030152"
"804","PASS","","11-16-2017 09:44:59","QA030152"
"SUMMARY", "18", "0", "5606"
